app/build/intermediates/manifest_merge_blame_file/debug/manifest-merger-blame-debug-report.txt
1<?xml version="1.0" encoding="utf-8"?>
2<!-- BEGIN_INCLUDE(manifest) -->
3<manifest xmlns:android="http://schemas.android.com/apk/res/android"
4    package="com.example.native_activity"
5    android:versionCode="1"
6    android:versionName="1.0" >
7
8    <uses-sdk
9        android:minSdkVersion="14"
9-->src/main/AndroidManifest.xml
10        android:targetSdkVersion="28" />
10-->src/main/AndroidManifest.xml
11
12    <!-- This .apk has no Java code itself, so set hasCode to false. -->
13    <application
13-->src/main/AndroidManifest.xml:9:3-29:17
14        android:allowBackup="false"
14-->src/main/AndroidManifest.xml:10:7-34
15        android:appComponentFactory="androidx.core.app.CoreComponentFactory"
15-->[androidx.core:core:1.0.1] AndroidManifest.xml:22:18-86
16        android:debuggable="true"
17        android:fullBackupContent="false"
17-->src/main/AndroidManifest.xml:11:7-40
18        android:hasCode="false"
18-->src/main/AndroidManifest.xml:14:7-30
19        android:icon="@mipmap/ic_launcher"
19-->src/main/AndroidManifest.xml:12:7-41
20        android:label="@string/app_name" >
20-->src/main/AndroidManifest.xml:13:7-39
21
22        <!--
23         Our activity is the built-in NativeActivity framework class.
24         This will take care of integrating with our NDK code.
25        -->
26        <activity
26-->src/main/AndroidManifest.xml:18:5-28:16
27            android:name="android.app.NativeActivity"
27-->src/main/AndroidManifest.xml:18:15-56
28            android:configChanges="orientation|keyboardHidden"
28-->src/main/AndroidManifest.xml:20:15-65
29            android:label="@string/app_name" >
29-->src/main/AndroidManifest.xml:19:15-47
30
31            <!-- Tell NativeActivity the name of our .so -->
32            <meta-data
32-->src/main/AndroidManifest.xml:22:7-23:52
33                android:name="android.app.lib_name"
33-->src/main/AndroidManifest.xml:22:18-53
34                android:value="native-activity" />
34-->src/main/AndroidManifest.xml:23:18-49
35
36            <intent-filter>
36-->src/main/AndroidManifest.xml:24:7-27:23
37                <action android:name="android.intent.action.MAIN" />
37-->src/main/AndroidManifest.xml:25:9-61
37-->src/main/AndroidManifest.xml:25:17-58
38
39                <category android:name="android.intent.category.LAUNCHER" />
39-->src/main/AndroidManifest.xml:26:9-69
39-->src/main/AndroidManifest.xml:26:19-66
40            </intent-filter>
41        </activity>
42    </application>
43
44</manifest> <!-- END_INCLUDE(manifest) -->